# JRE version: Java(TM) SE Runtime Environment (8.0_141-b15) (build 1.8.0_141-b15)
# Java VM: Java HotSpot(TM) Client VM (25.141-b15 mixed mode windows-x86 )
Heap:
 def new generation   total 11776K, used 705K [0x04800000, 0x054c0000, 0x09d50000)
  eden space 10496K,   6% used [0x04800000, 0x048b0678, 0x05240000)
  from space 1280K,   0% used [0x05240000, 0x05240000, 0x05380000)
  to   space 1280K,   0% used [0x05380000, 0x05380000, 0x054c0000)
 tenured generation   total 25972K, used 15581K [0x09d50000, 0x0b6ad000, 0x14800000)
   the space 25972K,  59% used [0x09d50000, 0x0ac87450, 0x0ac87600, 0x0b6ad000)
 Metaspace       used 17782K, capacity 18014K, committed 18176K, reserved 18816K
GC Heap History (10 events):
Event: 2.606 GC heap before
{Heap before GC invocations=31 (full 1):
 def new generation   total 4992K, used 4992K [0x04800000, 0x04d60000, 0x09d50000)
  eden space 4480K, 100% used [0x04800000, 0x04c60000, 0x04c60000)
  from space 512K, 100% used [0x04ce0000, 0x04d60000, 0x04d60000)
  to   space 512K,   0% used [0x04c60000, 0x04c60000, 0x04ce0000)
 tenured generation   total 10944K, used 10644K [0x09d50000, 0x0a800000, 0x14800000)
   the space 10944K,  97% used [0x09d50000, 0x0a7b50a0, 0x0a7b5200, 0x0a800000)
 Metaspace       used 15857K, capacity 16088K, committed 16256K, reserved 16768K
Event: 2.628 GC heap after
Heap after GC invocations=32 (full 2):
 def new generation   total 7104K, used 0K [0x04800000, 0x04fb0000, 0x09d50000)
  eden space 6336K,   0% used [0x04800000, 0x04800000, 0x04e30000)
  from space 768K,   0% used [0x04e30000, 0x04e30000, 0x04ef0000)
  to   space 768K,   0% used [0x04ef0000, 0x04ef0000, 0x04fb0000)
 tenured generation   total 15604K, used 9361K [0x09d50000, 0x0ac8d000, 0x14800000)
   the space 15604K,  59% used [0x09d50000, 0x0a674668, 0x0a674800, 0x0ac8d000)
 Metaspace       used 15857K, capacity 16088K, committed 16256K, reserved 16768K
}
Event: 2.807 GC heap before
{Heap before GC invocations=32 (full 2):
 def new generation   total 7104K, used 6336K [0x04800000, 0x04fb0000, 0x09d50000)
  eden space 6336K, 100% used [0x04800000, 0x04e30000, 0x04e30000)
  from space 768K,   0% used [0x04e30000, 0x04e30000, 0x04ef0000)
  to   space 768K,   0% used [0x04ef0000, 0x04ef0000, 0x04fb0000)
 tenured generation   total 15604K, used 9361K [0x09d50000, 0x0ac8d000, 0x14800000)
   the space 15604K,  59% used [0x09d50000, 0x0a674668, 0x0a674800, 0x0ac8d000)
 Metaspace       used 16501K, capacity 16741K, committed 16896K, reserved 17792K
Event: 2.812 GC heap after
Heap after GC invocations=33 (full 2):
 def new generation   total 7104K, used 768K [0x04800000, 0x04fb0000, 0x09d50000)
  eden space 6336K,   0% used [0x04800000, 0x04800000, 0x04e30000)
  from space 768K, 100% used [0x04ef0000, 0x04fb0000, 0x04fb0000)
  to   space 768K,   0% used [0x04e30000, 0x04e30000, 0x04ef0000)
 tenured generation   total 15604K, used 9679K [0x09d50000, 0x0ac8d000, 0x14800000)
   the space 15604K,  62% used [0x09d50000, 0x0a6c3d70, 0x0a6c3e00, 0x0ac8d000)
 Metaspace       used 16501K, capacity 16741K, committed 16896K, reserved 17792K
}
Event: 2.877 GC heap before
{Heap before GC invocations=33 (full 2):
 def new generation   total 7104K, used 7104K [0x04800000, 0x04fb0000, 0x09d50000)
  eden space 6336K, 100% used [0x04800000, 0x04e30000, 0x04e30000)
  from space 768K, 100% used [0x04ef0000, 0x04fb0000, 0x04fb0000)
  to   space 768K,   0% used [0x04e30000, 0x04e30000, 0x04ef0000)
 tenured generation   total 15604K, used 9679K [0x09d50000, 0x0ac8d000, 0x14800000)
   the space 15604K,  62% used [0x09d50000, 0x0a6c3d70, 0x0a6c3e00, 0x0ac8d000)
 Metaspace       used 16830K, capacity 17086K, committed 17280K, reserved 17792K
Event: 2.884 GC heap after
Heap after GC invocations=34 (full 2):
 def new generation   total 7104K, used 768K [0x04800000, 0x04fb0000, 0x09d50000)
  eden space 6336K,   0% used [0x04800000, 0x04800000, 0x04e30000)
  from space 768K, 100% used [0x04e30000, 0x04ef0000, 0x04ef0000)
  to   space 768K,   0% used [0x04ef0000, 0x04ef0000, 0x04fb0000)
 tenured generation   total 15604K, used 10851K [0x09d50000, 0x0ac8d000, 0x14800000)
   the space 15604K,  69% used [0x09d50000, 0x0a7e8c98, 0x0a7e8e00, 0x0ac8d000)
 Metaspace       used 16830K, capacity 17086K, committed 17280K, reserved 17792K
}
Event: 3.222 GC heap before
{Heap before GC invocations=34 (full 2):
 def new generation   total 7104K, used 7104K [0x04800000, 0x04fb0000, 0x09d50000)
  eden space 6336K, 100% used [0x04800000, 0x04e30000, 0x04e30000)
  from space 768K, 100% used [0x04e30000, 0x04ef0000, 0x04ef0000)
  to   space 768K,   0% used [0x04ef0000, 0x04ef0000, 0x04fb0000)
 tenured generation   total 15604K, used 10851K [0x09d50000, 0x0ac8d000, 0x14800000)
   the space 15604K,  69% used [0x09d50000, 0x0a7e8c98, 0x0a7e8e00, 0x0ac8d000)
 Metaspace       used 17430K, capacity 17694K, committed 17792K, reserved 17792K
Event: 3.226 GC heap after
Heap after GC invocations=35 (full 2):
 def new generation   total 7104K, used 768K [0x04800000, 0x04fb0000, 0x09d50000)
  eden space 6336K,   0% used [0x04800000, 0x04800000, 0x04e30000)
  from space 768K, 100% used [0x04ef0000, 0x04fb0000, 0x04fb0000)
  to   space 768K,   0% used [0x04e30000, 0x04e30000, 0x04ef0000)
 tenured generation   total 15604K, used 12260K [0x09d50000, 0x0ac8d000, 0x14800000)
   the space 15604K,  78% used [0x09d50000, 0x0a949130, 0x0a949200, 0x0ac8d000)
 Metaspace       used 17430K, capacity 17694K, committed 17792K, reserved 17792K
}
Event: 3.357 GC heap before
{Heap before GC invocations=35 (full 2):
 def new generation   total 7104K, used 7104K [0x04800000, 0x04fb0000, 0x09d50000)
  eden space 6336K, 100% used [0x04800000, 0x04e30000, 0x04e30000)
  from space 768K, 100% used [0x04ef0000, 0x04fb0000, 0x04fb0000)
  to   space 768K,   0% used [0x04e30000, 0x04e30000, 0x04ef0000)
 tenured generation   total 15604K, used 12260K [0x09d50000, 0x0ac8d000, 0x14800000)
   the space 15604K,  78% used [0x09d50000, 0x0a949130, 0x0a949200, 0x0ac8d000)
 Metaspace       used 17762K, capacity 18014K, committed 18176K, reserved 18816K
Event: 3.387 GC heap after
Heap after GC invocations=36 (full 3):
 def new generation   total 11776K, used 0K [0x04800000, 0x054c0000, 0x09d50000)
  eden space 10496K,   0% used [0x04800000, 0x04800000, 0x05240000)
  from space 1280K,   0% used [0x05240000, 0x05240000, 0x05380000)
  to   space 1280K,   0% used [0x05380000, 0x05380000, 0x054c0000)
 tenured generation   total 25972K, used 15581K [0x09d50000, 0x0b6ad000, 0x14800000)
   the space 25972K,  59% used [0x09d50000, 0x0ac87450, 0x0ac87600, 0x0b6ad000)
 Metaspace       used 17762K, capacity 18014K, committed 18176K, reserved 18816K
}

