# JRE version: Java(TM) SE Runtime Environment (8.0_141-b15) (build 1.8.0_141-b15)
# Java VM: Java HotSpot(TM) Client VM (25.141-b15 mixed mode windows-x86 )
Heap:
 def new generation   total 6912K, used 6741K [0x04800000, 0x04f80000, 0x09d50000)
  eden space 6144K,  97% used [0x04800000, 0x04dd57f0, 0x04e00000)
  from space 768K,  99% used [0x04e00000, 0x04ebff00, 0x04ec0000)
  to   space 768K,   0% used [0x04ec0000, 0x04ec0000, 0x04f80000)
 tenured generation   total 15328K, used 12462K [0x09d50000, 0x0ac48000, 0x14800000)
   the space 15328K,  81% used [0x09d50000, 0x0a97b9a0, 0x0a97ba00, 0x0ac48000)
 Metaspace       used 17789K, capacity 18014K, committed 18176K, reserved 18816K
GC Heap History (10 events):
Event: 2.548 GC heap before
{Heap before GC invocations=31 (full 1):
 def new generation   total 4992K, used 4992K [0x04800000, 0x04d60000, 0x09d50000)
  eden space 4480K, 100% used [0x04800000, 0x04c60000, 0x04c60000)
  from space 512K, 100% used [0x04ce0000, 0x04d60000, 0x04d60000)
  to   space 512K,   0% used [0x04c60000, 0x04c60000, 0x04ce0000)
 tenured generation   total 10944K, used 9997K [0x09d50000, 0x0a800000, 0x14800000)
   the space 10944K,  91% used [0x09d50000, 0x0a7134a0, 0x0a713600, 0x0a800000)
 Metaspace       used 15389K, capacity 15608K, committed 15744K, reserved 15744K
Event: 2.569 GC heap after
Heap after GC invocations=32 (full 2):
 def new generation   total 6912K, used 0K [0x04800000, 0x04f80000, 0x09d50000)
  eden space 6144K,   0% used [0x04800000, 0x04800000, 0x04e00000)
  from space 768K,   0% used [0x04e00000, 0x04e00000, 0x04ec0000)
  to   space 768K,   0% used [0x04ec0000, 0x04ec0000, 0x04f80000)
 tenured generation   total 15328K, used 9194K [0x09d50000, 0x0ac48000, 0x14800000)
   the space 15328K,  59% used [0x09d50000, 0x0a64aad8, 0x0a64ac00, 0x0ac48000)
 Metaspace       used 15389K, capacity 15608K, committed 15744K, reserved 15744K
}
Event: 2.680 GC heap before
{Heap before GC invocations=32 (full 2):
 def new generation   total 6912K, used 6144K [0x04800000, 0x04f80000, 0x09d50000)
  eden space 6144K, 100% used [0x04800000, 0x04e00000, 0x04e00000)
  from space 768K,   0% used [0x04e00000, 0x04e00000, 0x04ec0000)
  to   space 768K,   0% used [0x04ec0000, 0x04ec0000, 0x04f80000)
 tenured generation   total 15328K, used 9194K [0x09d50000, 0x0ac48000, 0x14800000)
   the space 15328K,  59% used [0x09d50000, 0x0a64aad8, 0x0a64ac00, 0x0ac48000)
 Metaspace       used 16137K, capacity 16381K, committed 16512K, reserved 16768K
Event: 2.684 GC heap after
Heap after GC invocations=33 (full 2):
 def new generation   total 6912K, used 767K [0x04800000, 0x04f80000, 0x09d50000)
  eden space 6144K,   0% used [0x04800000, 0x04800000, 0x04e00000)
  from space 768K,  99% used [0x04ec0000, 0x04f7fff8, 0x04f80000)
  to   space 768K,   0% used [0x04e00000, 0x04e00000, 0x04ec0000)
 tenured generation   total 15328K, used 9468K [0x09d50000, 0x0ac48000, 0x14800000)
   the space 15328K,  61% used [0x09d50000, 0x0a68f208, 0x0a68f400, 0x0ac48000)
 Metaspace       used 16137K, capacity 16381K, committed 16512K, reserved 16768K
}
Event: 2.839 GC heap before
{Heap before GC invocations=33 (full 2):
 def new generation   total 6912K, used 6911K [0x04800000, 0x04f80000, 0x09d50000)
  eden space 6144K, 100% used [0x04800000, 0x04e00000, 0x04e00000)
  from space 768K,  99% used [0x04ec0000, 0x04f7fff8, 0x04f80000)
  to   space 768K,   0% used [0x04e00000, 0x04e00000, 0x04ec0000)
 tenured generation   total 15328K, used 9468K [0x09d50000, 0x0ac48000, 0x14800000)
   the space 15328K,  61% used [0x09d50000, 0x0a68f208, 0x0a68f400, 0x0ac48000)
 Metaspace       used 16680K, capacity 16891K, committed 17024K, reserved 17792K
Event: 2.844 GC heap after
Heap after GC invocations=34 (full 2):
 def new generation   total 6912K, used 768K [0x04800000, 0x04f80000, 0x09d50000)
  eden space 6144K,   0% used [0x04800000, 0x04800000, 0x04e00000)
  from space 768K, 100% used [0x04e00000, 0x04ec0000, 0x04ec0000)
  to   space 768K,   0% used [0x04ec0000, 0x04ec0000, 0x04f80000)
 tenured generation   total 15328K, used 10533K [0x09d50000, 0x0ac48000, 0x14800000)
   the space 15328K,  68% used [0x09d50000, 0x0a7997b0, 0x0a799800, 0x0ac48000)
 Metaspace       used 16680K, capacity 16891K, committed 17024K, reserved 17792K
}
Event: 2.962 GC heap before
{Heap before GC invocations=34 (full 2):
 def new generation   total 6912K, used 6912K [0x04800000, 0x04f80000, 0x09d50000)
  eden space 6144K, 100% used [0x04800000, 0x04e00000, 0x04e00000)
  from space 768K, 100% used [0x04e00000, 0x04ec0000, 0x04ec0000)
  to   space 768K,   0% used [0x04ec0000, 0x04ec0000, 0x04f80000)
 tenured generation   total 15328K, used 10533K [0x09d50000, 0x0ac48000, 0x14800000)
   the space 15328K,  68% used [0x09d50000, 0x0a7997b0, 0x0a799800, 0x0ac48000)
 Metaspace       used 17026K, capacity 17278K, committed 17408K, reserved 17792K
Event: 2.966 GC heap after
Heap after GC invocations=35 (full 2):
 def new generation   total 6912K, used 768K [0x04800000, 0x04f80000, 0x09d50000)
  eden space 6144K,   0% used [0x04800000, 0x04800000, 0x04e00000)
  from space 768K, 100% used [0x04ec0000, 0x04f80000, 0x04f80000)
  to   space 768K,   0% used [0x04e00000, 0x04e00000, 0x04ec0000)
 tenured generation   total 15328K, used 11772K [0x09d50000, 0x0ac48000, 0x14800000)
   the space 15328K,  76% used [0x09d50000, 0x0a8cf3a8, 0x0a8cf400, 0x0ac48000)
 Metaspace       used 17026K, capacity 17278K, committed 17408K, reserved 17792K
}
Event: 3.645 GC heap before
{Heap before GC invocations=35 (full 2):
 def new generation   total 6912K, used 4278K [0x04800000, 0x04f80000, 0x09d50000)
  eden space 6144K,  57% used [0x04800000, 0x04b6d930, 0x04e00000)
  from space 768K, 100% used [0x04ec0000, 0x04f80000, 0x04f80000)
  to   space 768K,   0% used [0x04e00000, 0x04e00000, 0x04ec0000)
 tenured generation   total 15328K, used 11772K [0x09d50000, 0x0ac48000, 0x14800000)
   the space 15328K,  76% used [0x09d50000, 0x0a8cf3a8, 0x0a8cf400, 0x0ac48000)
 Metaspace       used 17640K, capacity 17886K, committed 18048K, reserved 18816K
Event: 3.648 GC heap after
Heap after GC invocations=36 (full 2):
 def new generation   total 6912K, used 767K [0x04800000, 0x04f80000, 0x09d50000)
  eden space 6144K,   0% used [0x04800000, 0x04800000, 0x04e00000)
  from space 768K,  99% used [0x04e00000, 0x04ebff00, 0x04ec0000)
  to   space 768K,   0% used [0x04ec0000, 0x04ec0000, 0x04f80000)
 tenured generation   total 15328K, used 12462K [0x09d50000, 0x0ac48000, 0x14800000)
   the space 15328K,  81% used [0x09d50000, 0x0a97b9a0, 0x0a97ba00, 0x0ac48000)
 Metaspace       used 17640K, capacity 17886K, committed 18048K, reserved 18816K
}

