# JRE version: Java(TM) SE Runtime Environment (8.0_141-b15) (build 1.8.0_141-b15)
# Java VM: Java HotSpot(TM) Client VM (25.141-b15 mixed mode windows-x86 )
Heap:
 def new generation   total 6976K, used 6817K [0x04800000, 0x04f90000, 0x09d50000)
  eden space 6208K,  97% used [0x04800000, 0x04dea0b0, 0x04e10000)
  from space 768K,  99% used [0x04e10000, 0x04ece718, 0x04ed0000)
  to   space 768K,   0% used [0x04ed0000, 0x04ed0000, 0x04f90000)
 tenured generation   total 15336K, used 12475K [0x09d50000, 0x0ac4a000, 0x14800000)
   the space 15336K,  81% used [0x09d50000, 0x0a97ee18, 0x0a97f000, 0x0ac4a000)
 Metaspace       used 17787K, capacity 18014K, committed 18176K, reserved 18816K
GC Heap History (10 events):
Event: 3.059 GC heap before
{Heap before GC invocations=31 (full 1):
 def new generation   total 4992K, used 4992K [0x04800000, 0x04d60000, 0x09d50000)
  eden space 4480K, 100% used [0x04800000, 0x04c60000, 0x04c60000)
  from space 512K, 100% used [0x04ce0000, 0x04d60000, 0x04d60000)
  to   space 512K,   0% used [0x04c60000, 0x04c60000, 0x04ce0000)
 tenured generation   total 10944K, used 10001K [0x09d50000, 0x0a800000, 0x14800000)
   the space 10944K,  91% used [0x09d50000, 0x0a714468, 0x0a714600, 0x0a800000)
 Metaspace       used 15414K, capacity 15640K, committed 15744K, reserved 15744K
Event: 3.087 GC heap after
Heap after GC invocations=32 (full 2):
 def new generation   total 6976K, used 0K [0x04800000, 0x04f90000, 0x09d50000)
  eden space 6208K,   0% used [0x04800000, 0x04800000, 0x04e10000)
  from space 768K,   0% used [0x04e10000, 0x04e10000, 0x04ed0000)
  to   space 768K,   0% used [0x04ed0000, 0x04ed0000, 0x04f90000)
 tenured generation   total 15336K, used 9199K [0x09d50000, 0x0ac4a000, 0x14800000)
   the space 15336K,  59% used [0x09d50000, 0x0a64bcd8, 0x0a64be00, 0x0ac4a000)
 Metaspace       used 15414K, capacity 15640K, committed 15744K, reserved 15744K
}
Event: 3.231 GC heap before
{Heap before GC invocations=32 (full 2):
 def new generation   total 6976K, used 6208K [0x04800000, 0x04f90000, 0x09d50000)
  eden space 6208K, 100% used [0x04800000, 0x04e10000, 0x04e10000)
  from space 768K,   0% used [0x04e10000, 0x04e10000, 0x04ed0000)
  to   space 768K,   0% used [0x04ed0000, 0x04ed0000, 0x04f90000)
 tenured generation   total 15336K, used 9199K [0x09d50000, 0x0ac4a000, 0x14800000)
   the space 15336K,  59% used [0x09d50000, 0x0a64bcd8, 0x0a64be00, 0x0ac4a000)
 Metaspace       used 16229K, capacity 16445K, committed 16640K, reserved 16768K
Event: 3.235 GC heap after
Heap after GC invocations=33 (full 2):
 def new generation   total 6976K, used 768K [0x04800000, 0x04f90000, 0x09d50000)
  eden space 6208K,   0% used [0x04800000, 0x04800000, 0x04e10000)
  from space 768K, 100% used [0x04ed0000, 0x04f90000, 0x04f90000)
  to   space 768K,   0% used [0x04e10000, 0x04e10000, 0x04ed0000)
 tenured generation   total 15336K, used 9497K [0x09d50000, 0x0ac4a000, 0x14800000)
   the space 15336K,  61% used [0x09d50000, 0x0a696418, 0x0a696600, 0x0ac4a000)
 Metaspace       used 16229K, capacity 16445K, committed 16640K, reserved 16768K
}
Event: 3.388 GC heap before
{Heap before GC invocations=33 (full 2):
 def new generation   total 6976K, used 6976K [0x04800000, 0x04f90000, 0x09d50000)
  eden space 6208K, 100% used [0x04800000, 0x04e10000, 0x04e10000)
  from space 768K, 100% used [0x04ed0000, 0x04f90000, 0x04f90000)
  to   space 768K,   0% used [0x04e10000, 0x04e10000, 0x04ed0000)
 tenured generation   total 15336K, used 9497K [0x09d50000, 0x0ac4a000, 0x14800000)
   the space 15336K,  61% used [0x09d50000, 0x0a696418, 0x0a696600, 0x0ac4a000)
 Metaspace       used 16688K, capacity 16926K, committed 17024K, reserved 17792K
Event: 3.394 GC heap after
Heap after GC invocations=34 (full 2):
 def new generation   total 6976K, used 768K [0x04800000, 0x04f90000, 0x09d50000)
  eden space 6208K,   0% used [0x04800000, 0x04800000, 0x04e10000)
  from space 768K, 100% used [0x04e10000, 0x04ed0000, 0x04ed0000)
  to   space 768K,   0% used [0x04ed0000, 0x04ed0000, 0x04f90000)
 tenured generation   total 15336K, used 10555K [0x09d50000, 0x0ac4a000, 0x14800000)
   the space 15336K,  68% used [0x09d50000, 0x0a79ed78, 0x0a79ee00, 0x0ac4a000)
 Metaspace       used 16688K, capacity 16926K, committed 17024K, reserved 17792K
}
Event: 3.481 GC heap before
{Heap before GC invocations=34 (full 2):
 def new generation   total 6976K, used 6976K [0x04800000, 0x04f90000, 0x09d50000)
  eden space 6208K, 100% used [0x04800000, 0x04e10000, 0x04e10000)
  from space 768K, 100% used [0x04e10000, 0x04ed0000, 0x04ed0000)
  to   space 768K,   0% used [0x04ed0000, 0x04ed0000, 0x04f90000)
 tenured generation   total 15336K, used 10555K [0x09d50000, 0x0ac4a000, 0x14800000)
   the space 15336K,  68% used [0x09d50000, 0x0a79ed78, 0x0a79ee00, 0x0ac4a000)
 Metaspace       used 17026K, capacity 17278K, committed 17408K, reserved 17792K
Event: 3.487 GC heap after
Heap after GC invocations=35 (full 2):
 def new generation   total 6976K, used 767K [0x04800000, 0x04f90000, 0x09d50000)
  eden space 6208K,   0% used [0x04800000, 0x04800000, 0x04e10000)
  from space 768K,  99% used [0x04ed0000, 0x04f8fff8, 0x04f90000)
  to   space 768K,   0% used [0x04e10000, 0x04e10000, 0x04ed0000)
 tenured generation   total 15336K, used 11834K [0x09d50000, 0x0ac4a000, 0x14800000)
   the space 15336K,  77% used [0x09d50000, 0x0a8de848, 0x0a8dea00, 0x0ac4a000)
 Metaspace       used 17026K, capacity 17278K, committed 17408K, reserved 17792K
}
Event: 3.753 GC heap before
{Heap before GC invocations=35 (full 2):
 def new generation   total 6976K, used 4102K [0x04800000, 0x04f90000, 0x09d50000)
  eden space 6208K,  53% used [0x04800000, 0x04b41af8, 0x04e10000)
  from space 768K,  99% used [0x04ed0000, 0x04f8fff8, 0x04f90000)
  to   space 768K,   0% used [0x04e10000, 0x04e10000, 0x04ed0000)
 tenured generation   total 15336K, used 11834K [0x09d50000, 0x0ac4a000, 0x14800000)
   the space 15336K,  77% used [0x09d50000, 0x0a8de848, 0x0a8dea00, 0x0ac4a000)
 Metaspace       used 17639K, capacity 17886K, committed 18048K, reserved 18816K
Event: 3.757 GC heap after
Heap after GC invocations=36 (full 2):
 def new generation   total 6976K, used 761K [0x04800000, 0x04f90000, 0x09d50000)
  eden space 6208K,   0% used [0x04800000, 0x04800000, 0x04e10000)
  from space 768K,  99% used [0x04e10000, 0x04ece718, 0x04ed0000)
  to   space 768K,   0% used [0x04ed0000, 0x04ed0000, 0x04f90000)
 tenured generation   total 15336K, used 12475K [0x09d50000, 0x0ac4a000, 0x14800000)
   the space 15336K,  81% used [0x09d50000, 0x0a97ee18, 0x0a97f000, 0x0ac4a000)
 Metaspace       used 17639K, capacity 17886K, committed 18048K, reserved 18816K
}

