# JRE version: Java(TM) SE Runtime Environment (8.0_141-b15) (build 1.8.0_141-b15)
# Java VM: Java HotSpot(TM) Client VM (25.141-b15 mixed mode windows-x86 )
Heap:
 def new generation   total 7104K, used 4092K [0x04c00000, 0x053b0000, 0x0a150000)
  eden space 6336K,  52% used [0x04c00000, 0x04f3f328, 0x05230000)
  from space 768K, 100% used [0x05230000, 0x052f0000, 0x052f0000)
  to   space 768K,   0% used [0x052f0000, 0x052f0000, 0x053b0000)
 tenured generation   total 15680K, used 11053K [0x0a150000, 0x0b0a0000, 0x14c00000)
   the space 15680K,  70% used [0x0a150000, 0x0ac1b5b0, 0x0ac1b600, 0x0b0a0000)
 Metaspace       used 17026K, capacity 17278K, committed 17408K, reserved 17792K
GC Heap History (10 events):
Event: 4.016 GC heap before
{Heap before GC invocations=28 (full 1):
 def new generation   total 4992K, used 3237K [0x04c00000, 0x05160000, 0x0a150000)
  eden space 4480K,  72% used [0x04c00000, 0x04f29518, 0x05060000)
  from space 512K,   0% used [0x05060000, 0x05060000, 0x050e0000)
  to   space 512K,   0% used [0x050e0000, 0x050e0000, 0x05160000)
 tenured generation   total 10944K, used 4565K [0x0a150000, 0x0ac00000, 0x14c00000)
   the space 10944K,  41% used [0x0a150000, 0x0a5c5410, 0x0a5c5600, 0x0ac00000)
 Metaspace       used 13779K, capacity 13973K, committed 14080K, reserved 14720K
Event: 4.019 GC heap after
Heap after GC invocations=29 (full 1):
 def new generation   total 4992K, used 512K [0x04c00000, 0x05160000, 0x0a150000)
  eden space 4480K,   0% used [0x04c00000, 0x04c00000, 0x05060000)
  from space 512K, 100% used [0x050e0000, 0x05160000, 0x05160000)
  to   space 512K,   0% used [0x05060000, 0x05060000, 0x050e0000)
 tenured generation   total 10944K, used 4994K [0x0a150000, 0x0ac00000, 0x14c00000)
   the space 10944K,  45% used [0x0a150000, 0x0a630880, 0x0a630a00, 0x0ac00000)
 Metaspace       used 13779K, capacity 13973K, committed 14080K, reserved 14720K
}
Event: 4.022 GC heap before
{Heap before GC invocations=29 (full 1):
 def new generation   total 4992K, used 4992K [0x04c00000, 0x05160000, 0x0a150000)
  eden space 4480K, 100% used [0x04c00000, 0x05060000, 0x05060000)
  from space 512K, 100% used [0x050e0000, 0x05160000, 0x05160000)
  to   space 512K,   0% used [0x05060000, 0x05060000, 0x050e0000)
 tenured generation   total 10944K, used 4994K [0x0a150000, 0x0ac00000, 0x14c00000)
   the space 10944K,  45% used [0x0a150000, 0x0a630880, 0x0a630a00, 0x0ac00000)
 Metaspace       used 13780K, capacity 13973K, committed 14080K, reserved 14720K
Event: 4.026 GC heap after
Heap after GC invocations=30 (full 1):
 def new generation   total 4992K, used 1K [0x04c00000, 0x05160000, 0x0a150000)
  eden space 4480K,   0% used [0x04c00000, 0x04c00000, 0x05060000)
  from space 512K,   0% used [0x05060000, 0x05060548, 0x050e0000)
  to   space 512K,   0% used [0x050e0000, 0x050e0000, 0x05160000)
 tenured generation   total 10944K, used 9858K [0x0a150000, 0x0ac00000, 0x14c00000)
   the space 10944K,  90% used [0x0a150000, 0x0aaf09e8, 0x0aaf0a00, 0x0ac00000)
 Metaspace       used 13780K, capacity 13973K, committed 14080K, reserved 14720K
}
Event: 4.925 GC heap before
{Heap before GC invocations=30 (full 1):
 def new generation   total 4992K, used 4481K [0x04c00000, 0x05160000, 0x0a150000)
  eden space 4480K, 100% used [0x04c00000, 0x05060000, 0x05060000)
  from space 512K,   0% used [0x05060000, 0x05060548, 0x050e0000)
  to   space 512K,   0% used [0x050e0000, 0x050e0000, 0x05160000)
 tenured generation   total 10944K, used 9858K [0x0a150000, 0x0ac00000, 0x14c00000)
   the space 10944K,  90% used [0x0a150000, 0x0aaf09e8, 0x0aaf0a00, 0x0ac00000)
 Metaspace       used 15184K, capacity 15416K, committed 15488K, reserved 15744K
Event: 4.931 GC heap after
Heap after GC invocations=31 (full 1):
 def new generation   total 4992K, used 512K [0x04c00000, 0x05160000, 0x0a150000)
  eden space 4480K,   0% used [0x04c00000, 0x04c00000, 0x05060000)
  from space 512K, 100% used [0x050e0000, 0x05160000, 0x05160000)
  to   space 512K,   0% used [0x05060000, 0x05060000, 0x050e0000)
 tenured generation   total 10944K, used 10601K [0x0a150000, 0x0ac00000, 0x14c00000)
   the space 10944K,  96% used [0x0a150000, 0x0abaa440, 0x0abaa600, 0x0ac00000)
 Metaspace       used 15184K, capacity 15416K, committed 15488K, reserved 15744K
}
Event: 5.393 GC heap before
{Heap before GC invocations=31 (full 1):
 def new generation   total 4992K, used 4992K [0x04c00000, 0x05160000, 0x0a150000)
  eden space 4480K, 100% used [0x04c00000, 0x05060000, 0x05060000)
  from space 512K, 100% used [0x050e0000, 0x05160000, 0x05160000)
  to   space 512K,   0% used [0x05060000, 0x05060000, 0x050e0000)
 tenured generation   total 10944K, used 10601K [0x0a150000, 0x0ac00000, 0x14c00000)
   the space 10944K,  96% used [0x0a150000, 0x0abaa440, 0x0abaa600, 0x0ac00000)
 Metaspace       used 15669K, capacity 15896K, committed 16000K, reserved 16768K
Event: 5.415 GC heap after
Heap after GC invocations=32 (full 2):
 def new generation   total 7104K, used 0K [0x04c00000, 0x053b0000, 0x0a150000)
  eden space 6336K,   0% used [0x04c00000, 0x04c00000, 0x05230000)
  from space 768K,   0% used [0x05230000, 0x05230000, 0x052f0000)
  to   space 768K,   0% used [0x052f0000, 0x052f0000, 0x053b0000)
 tenured generation   total 15680K, used 9407K [0x0a150000, 0x0b0a0000, 0x14c00000)
   the space 15680K,  59% used [0x0a150000, 0x0aa7fc00, 0x0aa7fc00, 0x0b0a0000)
 Metaspace       used 15669K, capacity 15896K, committed 16000K, reserved 16768K
}
Event: 7.056 GC heap before
{Heap before GC invocations=32 (full 2):
 def new generation   total 7104K, used 6336K [0x04c00000, 0x053b0000, 0x0a150000)
  eden space 6336K, 100% used [0x04c00000, 0x05230000, 0x05230000)
  from space 768K,   0% used [0x05230000, 0x05230000, 0x052f0000)
  to   space 768K,   0% used [0x052f0000, 0x052f0000, 0x053b0000)
 tenured generation   total 15680K, used 9407K [0x0a150000, 0x0b0a0000, 0x14c00000)
   the space 15680K,  59% used [0x0a150000, 0x0aa7fc00, 0x0aa7fc00, 0x0b0a0000)
 Metaspace       used 16487K, capacity 16709K, committed 16896K, reserved 17792K
Event: 7.062 GC heap after
Heap after GC invocations=33 (full 2):
 def new generation   total 7104K, used 768K [0x04c00000, 0x053b0000, 0x0a150000)
  eden space 6336K,   0% used [0x04c00000, 0x04c00000, 0x05230000)
  from space 768K, 100% used [0x052f0000, 0x053b0000, 0x053b0000)
  to   space 768K,   0% used [0x05230000, 0x05230000, 0x052f0000)
 tenured generation   total 15680K, used 9858K [0x0a150000, 0x0b0a0000, 0x14c00000)
   the space 15680K,  62% used [0x0a150000, 0x0aaf0a58, 0x0aaf0c00, 0x0b0a0000)
 Metaspace       used 16487K, capacity 16709K, committed 16896K, reserved 17792K
}

